<?xml version="1.0" encoding="UTF-8"?>
<testsuite name="org.example.HeroTest" tests="6" skipped="0" failures="0" errors="0" timestamp="2024-01-31T20:07:49" hostname="DESKTOP-RG4DLHA" time="0.241">
  <properties/>
  <testcase name="getAge_forHeroesName_String()" classname="org.example.HeroTest" time="0.117"/>
  <testcase name="getName_forHeroesName_String()" classname="org.example.HeroTest" time="0.004"/>
  <testcase name="Hero_instantiatesCorrectly_true()" classname="org.example.HeroTest" time="0.004"/>
  <testcase name="getPower_forHeroesName_String()" classname="org.example.HeroTest" time="0.013"/>
  <testcase name="getId_forHeroesName_int()" classname="org.example.HeroTest" time="0.012"/>
  <testcase name="getWeakness_forHeroesName_String()" classname="org.example.HeroTest" time="0.004"/>
  <system-out><![CDATA[]]></system-out>
  <system-err><![CDATA[]]></system-err>
</testsuite>
